[    1241ms] [ERROR] Failed to load resource: the server responded with a status of 401 () @ http://localhost:9090/api/auth/me:0
[    1243ms] [ERROR] Failed to load resource: the server responded with a status of 401 () @ http://localhost:9090/favicon.ico:0
[    1264ms] [ERROR] Failed to load resource: the server responded with a status of 401 () @ http://localhost:9090/favicon.ico:0
[  130958ms] [ERROR] EventSource's response has a MIME type ("text/html") that is not "text/event-stream". Aborting the connection. @ http://localhost:9090/tools:0
[  130981ms] [ERROR] Failed to load resource: the server responded with a status of 401 () @ http://localhost:9090/favicon.ico:0
[  140967ms] [ERROR] EventSource's response has a MIME type ("text/html") that is not "text/event-stream". Aborting the connection. @ http://localhost:9090/tools:0
[  150973ms] [ERROR] EventSource's response has a MIME type ("text/html") that is not "text/event-stream". Aborting the connection. @ http://localhost:9090/tools:0
[  160982ms] [ERROR] EventSource's response has a MIME type ("text/html") that is not "text/event-stream". Aborting the connection. @ http://localhost:9090/tools:0
[  170990ms] [ERROR] EventSource's response has a MIME type ("text/html") that is not "text/event-stream". Aborting the connection. @ http://localhost:9090/tools:0
[  181000ms] [ERROR] EventSource's response has a MIME type ("text/html") that is not "text/event-stream". Aborting the connection. @ http://localhost:9090/tools:0
[  191009ms] [ERROR] EventSource's response has a MIME type ("text/html") that is not "text/event-stream". Aborting the connection. @ http://localhost:9090/tools:0
[  201018ms] [ERROR] EventSource's response has a MIME type ("text/html") that is not "text/event-stream". Aborting the connection. @ http://localhost:9090/tools:0
[  211027ms] [ERROR] EventSource's response has a MIME type ("text/html") that is not "text/event-stream". Aborting the connection. @ http://localhost:9090/tools:0
[  221036ms] [ERROR] EventSource's response has a MIME type ("text/html") that is not "text/event-stream". Aborting the connection. @ http://localhost:9090/tools:0
[  230130ms] [ERROR] Failed to load resource: the server responded with a status of 401 () @ http://localhost:9090/favicon.ico:0
[  231044ms] [ERROR] EventSource's response has a MIME type ("text/html") that is not "text/event-stream". Aborting the connection. @ http://localhost:9090/tools/data-standard-main:0
[  241051ms] [ERROR] EventSource's response has a MIME type ("text/html") that is not "text/event-stream". Aborting the connection. @ http://localhost:9090/tools/data-standard-main:0
[  251061ms] [ERROR] EventSource's response has a MIME type ("text/html") that is not "text/event-stream". Aborting the connection. @ http://localhost:9090/tools/data-standard-main:0
[  261069ms] [ERROR] EventSource's response has a MIME type ("text/html") that is not "text/event-stream". Aborting the connection. @ http://localhost:9090/tools/data-standard-main:0
[  271076ms] [ERROR] EventSource's response has a MIME type ("text/html") that is not "text/event-stream". Aborting the connection. @ http://localhost:9090/tools/data-standard-main:0
[  281085ms] [ERROR] EventSource's response has a MIME type ("text/html") that is not "text/event-stream". Aborting the connection. @ http://localhost:9090/tools/data-standard-main:0
[  291094ms] [ERROR] EventSource's response has a MIME type ("text/html") that is not "text/event-stream". Aborting the connection. @ http://localhost:9090/tools/data-standard-main:0
[  301102ms] [ERROR] EventSource's response has a MIME type ("text/html") that is not "text/event-stream". Aborting the connection. @ http://localhost:9090/tools/data-standard-main:0
[  311111ms] [ERROR] EventSource's response has a MIME type ("text/html") that is not "text/event-stream". Aborting the connection. @ http://localhost:9090/tools/data-standard-main:0
[  321119ms] [ERROR] EventSource's response has a MIME type ("text/html") that is not "text/event-stream". Aborting the connection. @ http://localhost:9090/tools/data-standard-main:0
[  331128ms] [ERROR] EventSource's response has a MIME type ("text/html") that is not "text/event-stream". Aborting the connection. @ http://localhost:9090/tools/data-standard-main:0
[  341137ms] [ERROR] EventSource's response has a MIME type ("text/html") that is not "text/event-stream". Aborting the connection. @ http://localhost:9090/tools/data-standard-main:0
[  351145ms] [ERROR] EventSource's response has a MIME type ("text/html") that is not "text/event-stream". Aborting the connection. @ http://localhost:9090/tools/data-standard-main:0
[  361153ms] [ERROR] EventSource's response has a MIME type ("text/html") that is not "text/event-stream". Aborting the connection. @ http://localhost:9090/tools/data-standard-main:0
[  371161ms] [ERROR] EventSource's response has a MIME type ("text/html") that is not "text/event-stream". Aborting the connection. @ http://localhost:9090/tools/data-standard-main:0
[  381169ms] [ERROR] EventSource's response has a MIME type ("text/html") that is not "text/event-stream". Aborting the connection. @ http://localhost:9090/tools/data-standard-main:0
[  391176ms] [ERROR] EventSource's response has a MIME type ("text/html") that is not "text/event-stream". Aborting the connection. @ http://localhost:9090/tools/data-standard-main:0
[  401185ms] [ERROR] EventSource's response has a MIME type ("text/html") that is not "text/event-stream". Aborting the connection. @ http://localhost:9090/tools/data-standard-main:0
[  411193ms] [ERROR] EventSource's response has a MIME type ("text/html") that is not "text/event-stream". Aborting the connection. @ http://localhost:9090/tools/data-standard-main:0
[  421201ms] [ERROR] EventSource's response has a MIME type ("text/html") that is not "text/event-stream". Aborting the connection. @ http://localhost:9090/tools/data-standard-main:0
[  431210ms] [ERROR] EventSource's response has a MIME type ("text/html") that is not "text/event-stream". Aborting the connection. @ http://localhost:9090/tools/data-standard-main:0
[  441217ms] [ERROR] EventSource's response has a MIME type ("text/html") that is not "text/event-stream". Aborting the connection. @ http://localhost:9090/tools/data-standard-main:0
[  451223ms] [ERROR] EventSource's response has a MIME type ("text/html") that is not "text/event-stream". Aborting the connection. @ http://localhost:9090/tools/data-standard-main:0
[  461230ms] [ERROR] EventSource's response has a MIME type ("text/html") that is not "text/event-stream". Aborting the connection. @ http://localhost:9090/tools/data-standard-main:0
[  471238ms] [ERROR] EventSource's response has a MIME type ("text/html") that is not "text/event-stream". Aborting the connection. @ http://localhost:9090/tools/data-standard-main:0
[  481245ms] [ERROR] EventSource's response has a MIME type ("text/html") that is not "text/event-stream". Aborting the connection. @ http://localhost:9090/tools/data-standard-main:0
[  491254ms] [ERROR] EventSource's response has a MIME type ("text/html") that is not "text/event-stream". Aborting the connection. @ http://localhost:9090/tools/data-standard-main:0
[  501263ms] [ERROR] EventSource's response has a MIME type ("text/html") that is not "text/event-stream". Aborting the connection. @ http://localhost:9090/tools/data-standard-main:0
[  504744ms] [ERROR] EventSource's response has a MIME type ("text/html") that is not "text/event-stream". Aborting the connection. @ http://localhost:9090/tools/data-standard-main:0
[  504748ms] [ERROR] Failed to load resource: the server responded with a status of 401 () @ http://localhost:9090/favicon.ico:0
[  514753ms] [ERROR] EventSource's response has a MIME type ("text/html") that is not "text/event-stream". Aborting the connection. @ http://localhost:9090/tools/data-standard-main:0
[  524761ms] [ERROR] EventSource's response has a MIME type ("text/html") that is not "text/event-stream". Aborting the connection. @ http://localhost:9090/tools/data-standard-main:0
[  534770ms] [ERROR] EventSource's response has a MIME type ("text/html") that is not "text/event-stream". Aborting the connection. @ http://localhost:9090/tools/data-standard-main:0
[  544778ms] [ERROR] EventSource's response has a MIME type ("text/html") that is not "text/event-stream". Aborting the connection. @ http://localhost:9090/tools/data-standard-main:0
[  554785ms] [ERROR] EventSource's response has a MIME type ("text/html") that is not "text/event-stream". Aborting the connection. @ http://localhost:9090/tools/data-standard-main:0
[  564791ms] [ERROR] EventSource's response has a MIME type ("text/html") that is not "text/event-stream". Aborting the connection. @ http://localhost:9090/tools/data-standard-main:0
[  574800ms] [ERROR] EventSource's response has a MIME type ("text/html") that is not "text/event-stream". Aborting the connection. @ http://localhost:9090/tools/data-standard-main:0
[  584809ms] [ERROR] EventSource's response has a MIME type ("text/html") that is not "text/event-stream". Aborting the connection. @ http://localhost:9090/tools/data-standard-main:0
[  594817ms] [ERROR] EventSource's response has a MIME type ("text/html") that is not "text/event-stream". Aborting the connection. @ http://localhost:9090/tools/data-standard-main:0
[  604826ms] [ERROR] EventSource's response has a MIME type ("text/html") that is not "text/event-stream". Aborting the connection. @ http://localhost:9090/tools/data-standard-main:0
[  614834ms] [ERROR] EventSource's response has a MIME type ("text/html") that is not "text/event-stream". Aborting the connection. @ http://localhost:9090/tools/data-standard-main:0
[  624843ms] [ERROR] EventSource's response has a MIME type ("text/html") that is not "text/event-stream". Aborting the connection. @ http://localhost:9090/tools/data-standard-main:0
[  634852ms] [ERROR] EventSource's response has a MIME type ("text/html") that is not "text/event-stream". Aborting the connection. @ http://localhost:9090/tools/data-standard-main:0
[  644858ms] [ERROR] EventSource's response has a MIME type ("text/html") that is not "text/event-stream". Aborting the connection. @ http://localhost:9090/tools/data-standard-main:0
[  654866ms] [ERROR] EventSource's response has a MIME type ("text/html") that is not "text/event-stream". Aborting the connection. @ http://localhost:9090/tools/data-standard-main:0
[  664872ms] [ERROR] EventSource's response has a MIME type ("text/html") that is not "text/event-stream". Aborting the connection. @ http://localhost:9090/tools/data-standard-main:0
[  674880ms] [ERROR] EventSource's response has a MIME type ("text/html") that is not "text/event-stream". Aborting the connection. @ http://localhost:9090/tools/data-standard-main:0
[  684887ms] [ERROR] EventSource's response has a MIME type ("text/html") that is not "text/event-stream". Aborting the connection. @ http://localhost:9090/tools/data-standard-main:0
[  694895ms] [ERROR] EventSource's response has a MIME type ("text/html") that is not "text/event-stream". Aborting the connection. @ http://localhost:9090/tools/data-standard-main:0
[  704902ms] [ERROR] EventSource's response has a MIME type ("text/html") that is not "text/event-stream". Aborting the connection. @ http://localhost:9090/tools/data-standard-main:0
[  714910ms] [ERROR] EventSource's response has a MIME type ("text/html") that is not "text/event-stream". Aborting the connection. @ http://localhost:9090/tools/data-standard-main:0
[  724918ms] [ERROR] EventSource's response has a MIME type ("text/html") that is not "text/event-stream". Aborting the connection. @ http://localhost:9090/tools/data-standard-main:0
[  734925ms] [ERROR] EventSource's response has a MIME type ("text/html") that is not "text/event-stream". Aborting the connection. @ http://localhost:9090/tools/data-standard-main:0
[  744934ms] [ERROR] EventSource's response has a MIME type ("text/html") that is not "text/event-stream". Aborting the connection. @ http://localhost:9090/tools/data-standard-main:0
[  754941ms] [ERROR] EventSource's response has a MIME type ("text/html") that is not "text/event-stream". Aborting the connection. @ http://localhost:9090/tools/data-standard-main:0
[  764949ms] [ERROR] EventSource's response has a MIME type ("text/html") that is not "text/event-stream". Aborting the connection. @ http://localhost:9090/tools/data-standard-main:0
[  774953ms] [ERROR] EventSource's response has a MIME type ("text/html") that is not "text/event-stream". Aborting the connection. @ http://localhost:9090/tools/data-standard-main:0
[  784960ms] [ERROR] EventSource's response has a MIME type ("text/html") that is not "text/event-stream". Aborting the connection. @ http://localhost:9090/tools/data-standard-main:0
[  794966ms] [ERROR] EventSource's response has a MIME type ("text/html") that is not "text/event-stream". Aborting the connection. @ http://localhost:9090/tools/data-standard-main:0
[  804974ms] [ERROR] EventSource's response has a MIME type ("text/html") that is not "text/event-stream". Aborting the connection. @ http://localhost:9090/tools/data-standard-main:0
[  814981ms] [ERROR] EventSource's response has a MIME type ("text/html") that is not "text/event-stream". Aborting the connection. @ http://localhost:9090/tools/data-standard-main:0
[  824988ms] [ERROR] EventSource's response has a MIME type ("text/html") that is not "text/event-stream". Aborting the connection. @ http://localhost:9090/tools/data-standard-main:0
[  834996ms] [ERROR] EventSource's response has a MIME type ("text/html") that is not "text/event-stream". Aborting the connection. @ http://localhost:9090/tools/data-standard-main:0
[  845004ms] [ERROR] EventSource's response has a MIME type ("text/html") that is not "text/event-stream". Aborting the connection. @ http://localhost:9090/tools/data-standard-main:0
[  855011ms] [ERROR] EventSource's response has a MIME type ("text/html") that is not "text/event-stream". Aborting the connection. @ http://localhost:9090/tools/data-standard-main:0
[  865017ms] [ERROR] EventSource's response has a MIME type ("text/html") that is not "text/event-stream". Aborting the connection. @ http://localhost:9090/tools/data-standard-main:0
[  875025ms] [ERROR] EventSource's response has a MIME type ("text/html") that is not "text/event-stream". Aborting the connection. @ http://localhost:9090/tools/data-standard-main:0
[  885032ms] [ERROR] EventSource's response has a MIME type ("text/html") that is not "text/event-stream". Aborting the connection. @ http://localhost:9090/tools/data-standard-main:0
[  895040ms] [ERROR] EventSource's response has a MIME type ("text/html") that is not "text/event-stream". Aborting the connection. @ http://localhost:9090/tools/data-standard-main:0
[  905048ms] [ERROR] EventSource's response has a MIME type ("text/html") that is not "text/event-stream". Aborting the connection. @ http://localhost:9090/tools/data-standard-main:0
[  915055ms] [ERROR] EventSource's response has a MIME type ("text/html") that is not "text/event-stream". Aborting the connection. @ http://localhost:9090/tools/data-standard-main:0
[  925063ms] [ERROR] EventSource's response has a MIME type ("text/html") that is not "text/event-stream". Aborting the connection. @ http://localhost:9090/tools/data-standard-main:0
[  935071ms] [ERROR] EventSource's response has a MIME type ("text/html") that is not "text/event-stream". Aborting the connection. @ http://localhost:9090/tools/data-standard-main:0
[  945076ms] [ERROR] EventSource's response has a MIME type ("text/html") that is not "text/event-stream". Aborting the connection. @ http://localhost:9090/tools/data-standard-main:0
[  955083ms] [ERROR] EventSource's response has a MIME type ("text/html") that is not "text/event-stream". Aborting the connection. @ http://localhost:9090/tools/data-standard-main:0
[  965089ms] [ERROR] EventSource's response has a MIME type ("text/html") that is not "text/event-stream". Aborting the connection. @ http://localhost:9090/tools/data-standard-main:0
[  975096ms] [ERROR] EventSource's response has a MIME type ("text/html") that is not "text/event-stream". Aborting the connection. @ http://localhost:9090/tools/data-standard-main:0
[  985103ms] [ERROR] EventSource's response has a MIME type ("text/html") that is not "text/event-stream". Aborting the connection. @ http://localhost:9090/tools/data-standard-main:0
[  995111ms] [ERROR] EventSource's response has a MIME type ("text/html") that is not "text/event-stream". Aborting the connection. @ http://localhost:9090/tools/data-standard-main:0
[ 1005116ms] [ERROR] EventSource's response has a MIME type ("text/html") that is not "text/event-stream". Aborting the connection. @ http://localhost:9090/tools/data-standard-main:0
[ 1015122ms] [ERROR] EventSource's response has a MIME type ("text/html") that is not "text/event-stream". Aborting the connection. @ http://localhost:9090/tools/data-standard-main:0
[ 1025130ms] [ERROR] EventSource's response has a MIME type ("text/html") that is not "text/event-stream". Aborting the connection. @ http://localhost:9090/tools/data-standard-main:0
[ 1035138ms] [ERROR] EventSource's response has a MIME type ("text/html") that is not "text/event-stream". Aborting the connection. @ http://localhost:9090/tools/data-standard-main:0
[ 1045145ms] [ERROR] EventSource's response has a MIME type ("text/html") that is not "text/event-stream". Aborting the connection. @ http://localhost:9090/tools/data-standard-main:0
[ 1055153ms] [ERROR] EventSource's response has a MIME type ("text/html") that is not "text/event-stream". Aborting the connection. @ http://localhost:9090/tools/data-standard-main:0
[ 1065217ms] [ERROR] EventSource's response has a MIME type ("text/html") that is not "text/event-stream". Aborting the connection. @ http://localhost:9090/tools/data-standard-main:0
[ 1075225ms] [ERROR] EventSource's response has a MIME type ("text/html") that is not "text/event-stream". Aborting the connection. @ http://localhost:9090/tools/data-standard-main:0
[ 1085234ms] [ERROR] EventSource's response has a MIME type ("text/html") that is not "text/event-stream". Aborting the connection. @ http://localhost:9090/tools/data-standard-main:0
[ 1095242ms] [ERROR] EventSource's response has a MIME type ("text/html") that is not "text/event-stream". Aborting the connection. @ http://localhost:9090/tools/data-standard-main:0
[ 1105248ms] [ERROR] EventSource's response has a MIME type ("text/html") that is not "text/event-stream". Aborting the connection. @ http://localhost:9090/tools/data-standard-main:0
[ 1115254ms] [ERROR] EventSource's response has a MIME type ("text/html") that is not "text/event-stream". Aborting the connection. @ http://localhost:9090/tools/data-standard-main:0
[ 1125260ms] [ERROR] EventSource's response has a MIME type ("text/html") that is not "text/event-stream". Aborting the connection. @ http://localhost:9090/tools/data-standard-main:0
[ 1135268ms] [ERROR] EventSource's response has a MIME type ("text/html") that is not "text/event-stream". Aborting the connection. @ http://localhost:9090/tools/data-standard-main:0
[ 1145275ms] [ERROR] EventSource's response has a MIME type ("text/html") that is not "text/event-stream". Aborting the connection. @ http://localhost:9090/tools/data-standard-main:0
[ 1155283ms] [ERROR] EventSource's response has a MIME type ("text/html") that is not "text/event-stream". Aborting the connection. @ http://localhost:9090/tools/data-standard-main:0
[ 1165290ms] [ERROR] EventSource's response has a MIME type ("text/html") that is not "text/event-stream". Aborting the connection. @ http://localhost:9090/tools/data-standard-main:0
[ 1175298ms] [ERROR] EventSource's response has a MIME type ("text/html") that is not "text/event-stream". Aborting the connection. @ http://localhost:9090/tools/data-standard-main:0
[ 1185306ms] [ERROR] EventSource's response has a MIME type ("text/html") that is not "text/event-stream". Aborting the connection. @ http://localhost:9090/tools/data-standard-main:0
[ 1195312ms] [ERROR] EventSource's response has a MIME type ("text/html") that is not "text/event-stream". Aborting the connection. @ http://localhost:9090/tools/data-standard-main:0
[ 1205320ms] [ERROR] EventSource's response has a MIME type ("text/html") that is not "text/event-stream". Aborting the connection. @ http://localhost:9090/tools/data-standard-main:0
[ 1215325ms] [ERROR] EventSource's response has a MIME type ("text/html") that is not "text/event-stream". Aborting the connection. @ http://localhost:9090/tools/data-standard-main:0
[ 1225331ms] [ERROR] EventSource's response has a MIME type ("text/html") that is not "text/event-stream". Aborting the connection. @ http://localhost:9090/tools/data-standard-main:0
[ 1235336ms] [ERROR] EventSource's response has a MIME type ("text/html") that is not "text/event-stream". Aborting the connection. @ http://localhost:9090/tools/data-standard-main:0
[ 1245345ms] [ERROR] EventSource's response has a MIME type ("text/html") that is not "text/event-stream". Aborting the connection. @ http://localhost:9090/tools/data-standard-main:0
[ 1255353ms] [ERROR] EventSource's response has a MIME type ("text/html") that is not "text/event-stream". Aborting the connection. @ http://localhost:9090/tools/data-standard-main:0
[ 1265361ms] [ERROR] EventSource's response has a MIME type ("text/html") that is not "text/event-stream". Aborting the connection. @ http://localhost:9090/tools/data-standard-main:0
[ 1275368ms] [ERROR] EventSource's response has a MIME type ("text/html") that is not "text/event-stream". Aborting the connection. @ http://localhost:9090/tools/data-standard-main:0
[ 1285375ms] [ERROR] EventSource's response has a MIME type ("text/html") that is not "text/event-stream". Aborting the connection. @ http://localhost:9090/tools/data-standard-main:0
[ 1295383ms] [ERROR] EventSource's response has a MIME type ("text/html") that is not "text/event-stream". Aborting the connection. @ http://localhost:9090/tools/data-standard-main:0
[ 1305390ms] [ERROR] EventSource's response has a MIME type ("text/html") that is not "text/event-stream". Aborting the connection. @ http://localhost:9090/tools/data-standard-main:0
[ 1315395ms] [ERROR] EventSource's response has a MIME type ("text/html") that is not "text/event-stream". Aborting the connection. @ http://localhost:9090/tools/data-standard-main:0
[ 1325403ms] [ERROR] EventSource's response has a MIME type ("text/html") that is not "text/event-stream". Aborting the connection. @ http://localhost:9090/tools/data-standard-main:0
[ 1335409ms] [ERROR] EventSource's response has a MIME type ("text/html") that is not "text/event-stream". Aborting the connection. @ http://localhost:9090/tools/data-standard-main:0
[ 1345415ms] [ERROR] EventSource's response has a MIME type ("text/html") that is not "text/event-stream". Aborting the connection. @ http://localhost:9090/tools/data-standard-main:0
[ 1355422ms] [ERROR] EventSource's response has a MIME type ("text/html") that is not "text/event-stream". Aborting the connection. @ http://localhost:9090/tools/data-standard-main:0
[ 1365429ms] [ERROR] EventSource's response has a MIME type ("text/html") that is not "text/event-stream". Aborting the connection. @ http://localhost:9090/tools/data-standard-main:0
[ 1375436ms] [ERROR] EventSource's response has a MIME type ("text/html") that is not "text/event-stream". Aborting the connection. @ http://localhost:9090/tools/data-standard-main:0
[ 1385443ms] [ERROR] EventSource's response has a MIME type ("text/html") that is not "text/event-stream". Aborting the connection. @ http://localhost:9090/tools/data-standard-main:0
[ 1395450ms] [ERROR] EventSource's response has a MIME type ("text/html") that is not "text/event-stream". Aborting the connection. @ http://localhost:9090/tools/data-standard-main:0
[ 1405457ms] [ERROR] EventSource's response has a MIME type ("text/html") that is not "text/event-stream". Aborting the connection. @ http://localhost:9090/tools/data-standard-main:0
[ 1415462ms] [ERROR] EventSource's response has a MIME type ("text/html") that is not "text/event-stream". Aborting the connection. @ http://localhost:9090/tools/data-standard-main:0
[ 1425468ms] [ERROR] EventSource's response has a MIME type ("text/html") that is not "text/event-stream". Aborting the connection. @ http://localhost:9090/tools/data-standard-main:0
