[      48ms] [ERROR] Failed to load resource: the server responded with a status of 401 () @ http://localhost:9090/favicon.ico:0
[      62ms] [ERROR] EventSource's response has a MIME type ("text/html") that is not "text/event-stream". Aborting the connection. @ http://localhost:9090/tools/flow-parser-main:0
[   10070ms] [ERROR] EventSource's response has a MIME type ("text/html") that is not "text/event-stream". Aborting the connection. @ http://localhost:9090/tools/flow-parser-main:0
[   20077ms] [ERROR] EventSource's response has a MIME type ("text/html") that is not "text/event-stream". Aborting the connection. @ http://localhost:9090/tools/flow-parser-main:0
[   30085ms] [ERROR] EventSource's response has a MIME type ("text/html") that is not "text/event-stream". Aborting the connection. @ http://localhost:9090/tools/flow-parser-main:0
[   40093ms] [ERROR] EventSource's response has a MIME type ("text/html") that is not "text/event-stream". Aborting the connection. @ http://localhost:9090/tools/flow-parser-main:0
[   50101ms] [ERROR] EventSource's response has a MIME type ("text/html") that is not "text/event-stream". Aborting the connection. @ http://localhost:9090/tools/flow-parser-main:0
[   60107ms] [ERROR] EventSource's response has a MIME type ("text/html") that is not "text/event-stream". Aborting the connection. @ http://localhost:9090/tools/flow-parser-main:0
[   70114ms] [ERROR] EventSource's response has a MIME type ("text/html") that is not "text/event-stream". Aborting the connection. @ http://localhost:9090/tools/flow-parser-main:0
[   80120ms] [ERROR] EventSource's response has a MIME type ("text/html") that is not "text/event-stream". Aborting the connection. @ http://localhost:9090/tools/flow-parser-main:0
[   90127ms] [ERROR] EventSource's response has a MIME type ("text/html") that is not "text/event-stream". Aborting the connection. @ http://localhost:9090/tools/flow-parser-main:0
[  100135ms] [ERROR] EventSource's response has a MIME type ("text/html") that is not "text/event-stream". Aborting the connection. @ http://localhost:9090/tools/flow-parser-main:0
[  110143ms] [ERROR] EventSource's response has a MIME type ("text/html") that is not "text/event-stream". Aborting the connection. @ http://localhost:9090/tools/flow-parser-main:0
[  120150ms] [ERROR] EventSource's response has a MIME type ("text/html") that is not "text/event-stream". Aborting the connection. @ http://localhost:9090/tools/flow-parser-main:0
[  130158ms] [ERROR] EventSource's response has a MIME type ("text/html") that is not "text/event-stream". Aborting the connection. @ http://localhost:9090/tools/flow-parser-main:0
[  140165ms] [ERROR] EventSource's response has a MIME type ("text/html") that is not "text/event-stream". Aborting the connection. @ http://localhost:9090/tools/flow-parser-main:0
[  150171ms] [ERROR] EventSource's response has a MIME type ("text/html") that is not "text/event-stream". Aborting the connection. @ http://localhost:9090/tools/flow-parser-main:0
[  160179ms] [ERROR] EventSource's response has a MIME type ("text/html") that is not "text/event-stream". Aborting the connection. @ http://localhost:9090/tools/flow-parser-main:0
[  170184ms] [ERROR] EventSource's response has a MIME type ("text/html") that is not "text/event-stream". Aborting the connection. @ http://localhost:9090/tools/flow-parser-main:0
[  180189ms] [ERROR] EventSource's response has a MIME type ("text/html") that is not "text/event-stream". Aborting the connection. @ http://localhost:9090/tools/flow-parser-main:0
[  190195ms] [ERROR] EventSource's response has a MIME type ("text/html") that is not "text/event-stream". Aborting the connection. @ http://localhost:9090/tools/flow-parser-main:0
[  200202ms] [ERROR] EventSource's response has a MIME type ("text/html") that is not "text/event-stream". Aborting the connection. @ http://localhost:9090/tools/flow-parser-main:0
[  210209ms] [ERROR] EventSource's response has a MIME type ("text/html") that is not "text/event-stream". Aborting the connection. @ http://localhost:9090/tools/flow-parser-main:0
[  220217ms] [ERROR] EventSource's response has a MIME type ("text/html") that is not "text/event-stream". Aborting the connection. @ http://localhost:9090/tools/flow-parser-main:0
[  230223ms] [ERROR] EventSource's response has a MIME type ("text/html") that is not "text/event-stream". Aborting the connection. @ http://localhost:9090/tools/flow-parser-main:0
[  240229ms] [ERROR] EventSource's response has a MIME type ("text/html") that is not "text/event-stream". Aborting the connection. @ http://localhost:9090/tools/flow-parser-main:0
[  250235ms] [ERROR] EventSource's response has a MIME type ("text/html") that is not "text/event-stream". Aborting the connection. @ http://localhost:9090/tools/flow-parser-main:0
[  260242ms] [ERROR] EventSource's response has a MIME type ("text/html") that is not "text/event-stream". Aborting the connection. @ http://localhost:9090/tools/flow-parser-main:0
[  270247ms] [ERROR] EventSource's response has a MIME type ("text/html") that is not "text/event-stream". Aborting the connection. @ http://localhost:9090/tools/flow-parser-main:0
[  280255ms] [ERROR] EventSource's response has a MIME type ("text/html") that is not "text/event-stream". Aborting the connection. @ http://localhost:9090/tools/flow-parser-main:0
[  290262ms] [ERROR] EventSource's response has a MIME type ("text/html") that is not "text/event-stream". Aborting the connection. @ http://localhost:9090/tools/flow-parser-main:0
[  300269ms] [ERROR] EventSource's response has a MIME type ("text/html") that is not "text/event-stream". Aborting the connection. @ http://localhost:9090/tools/flow-parser-main:0
[  310275ms] [ERROR] EventSource's response has a MIME type ("text/html") that is not "text/event-stream". Aborting the connection. @ http://localhost:9090/tools/flow-parser-main:0
[  320281ms] [ERROR] EventSource's response has a MIME type ("text/html") that is not "text/event-stream". Aborting the connection. @ http://localhost:9090/tools/flow-parser-main:0
[  330288ms] [ERROR] EventSource's response has a MIME type ("text/html") that is not "text/event-stream". Aborting the connection. @ http://localhost:9090/tools/flow-parser-main:0
[  340295ms] [ERROR] EventSource's response has a MIME type ("text/html") that is not "text/event-stream". Aborting the connection. @ http://localhost:9090/tools/flow-parser-main:0
[  350302ms] [ERROR] EventSource's response has a MIME type ("text/html") that is not "text/event-stream". Aborting the connection. @ http://localhost:9090/tools/flow-parser-main:0
[  360307ms] [ERROR] EventSource's response has a MIME type ("text/html") that is not "text/event-stream". Aborting the connection. @ http://localhost:9090/tools/flow-parser-main:0
[  370314ms] [ERROR] EventSource's response has a MIME type ("text/html") that is not "text/event-stream". Aborting the connection. @ http://localhost:9090/tools/flow-parser-main:0
[  380319ms] [ERROR] EventSource's response has a MIME type ("text/html") that is not "text/event-stream". Aborting the connection. @ http://localhost:9090/tools/flow-parser-main:0
[  390326ms] [ERROR] EventSource's response has a MIME type ("text/html") that is not "text/event-stream". Aborting the connection. @ http://localhost:9090/tools/flow-parser-main:0
[  400332ms] [ERROR] EventSource's response has a MIME type ("text/html") that is not "text/event-stream". Aborting the connection. @ http://localhost:9090/tools/flow-parser-main:0
[  410338ms] [ERROR] EventSource's response has a MIME type ("text/html") that is not "text/event-stream". Aborting the connection. @ http://localhost:9090/tools/flow-parser-main:0
[  420345ms] [ERROR] EventSource's response has a MIME type ("text/html") that is not "text/event-stream". Aborting the connection. @ http://localhost:9090/tools/flow-parser-main:0
[  430351ms] [ERROR] EventSource's response has a MIME type ("text/html") that is not "text/event-stream". Aborting the connection. @ http://localhost:9090/tools/flow-parser-main:0
[  440354ms] [ERROR] Failed to load resource: net::ERR_CONNECTION_REFUSED @ http://localhost:9090/sse/notifications?token=eyJhbGciOiJIUzI1NiJ9.eyJzdWIiOiJhZG1pbiIsInJvbGUiOiJBRE1JTiIsImlhdCI6MTc3ODYzMDMzNSwiZXhwIjoxNzc4NjU5MTM1fQ.cykGixy6yq9eJ9Xq5Q_uD20_zExbC_lBY3aCiYkIqxE:0
[  450397ms] [ERROR] EventSource's response has a MIME type ("text/html") that is not "text/event-stream". Aborting the connection. @ http://localhost:9090/tools/flow-parser-main:0
